Arguments: 
  C:\Program Files\nodejs\node.exe C:\Users\njhuy\AppData\Roaming\npm\node_modules\yarn\bin\yarn.js add express-graphql graphql

PATH: 
  C:\Program Files\Common Files\Oracle\Java\javapath;C:\Program Files (x86)\Common Files\Oracle\Java\javapath;C:\Python310\Scripts\;C:\Python310\;C:\Windows\system32;C:\Windows;C:\Windows\System32\Wbem;C:\Windows\System32\WindowsPowerShell\v1.0\;C:\Windows\System32\OpenSSH\;C:\Program Files\Git\cmd;C:\ProgramData\chocolatey\bin;C:\tools\nvm;C:\Program Files\nodejs;C:\Program Files\dotnet\;C:\xampp\php;C:\ProgramData\ComposerSetup\bin;C:\Program Files\PuTTY\;C:\Program Files\MongoDB\Server\4.0\bin;C:\Program Files\Geth;C:\Program Files\Docker\Docker\resources\bin;C:\ProgramData\DockerDesktop\version-bin;C:\Users\njhuy\AppData\Local\Microsoft\WindowsApps;C:\Users\njhuy\AppData\Roaming\npm;C:\Users\njhuy\AppData\Local\Programs\Microsoft VS Code\bin;C:\tools\nvm;C:\Program Files\nodejs;C:\Users\njhuy\AppData\Roaming\Composer\vendor\bin;C:\Program Files\MongoDB\Server\4.0\bin;

Yarn version: 
  1.22.17

Node version: 
  16.14.2

Platform: 
  win32 x64

Trace: 
  Error: EPERM: operation not permitted, unlink 'C:\data\Node\hotel_mngmt\node_modules\bcrypt\lib\binding\napi-v3\bcrypt_lib.node'

npm manifest: 
  {
    "name": "hotel_mngmt",
    "version": "1.0.0",
    "description": "Hotel management app",
    "main": "app.js",
    "scripts": {
      "start": "nodemon app.js",
      "test": "echo \"Error: no test specified\" && exit 1"
    },
    "keywords": [
      "node.js",
      "express",
      "jwt",
      "login",
      "registration",
      "authentication",
      "authorization",
      "mongodb",
      "mongoose",
      "hotel",
      "management"
    ],
    "author": "Ashish Manani",
    "license": "ISC",
    "dependencies": {
      "amqplib": "^0.10.3",
      "bcrypt": "^5.1.0",
      "body-parser": "^1.20.1",
      "cors": "^2.8.5",
      "express": "^4.18.2",
      "express-validation": "^4.1.0",
      "joi": "^17.7.0",
      "jsonwebtoken": "^8.5.1",
      "moment": "^2.29.4",
      "mongoose": "^6.7.2",
      "nodemon": "^2.0.20",
      "passport": "^0.6.0",
      "passport-jwt": "^4.0.0",
      "passport-local": "^1.0.0"
    }
  }

yarn manifest: 
  No manifest

Lockfile: 
  No lockfile
